<?xml version="1.0" encoding="UTF-8"?>
<testsuite name="com.burnin.scanner.analysis.HomographyTest" tests="4" skipped="0" failures="0" errors="0" timestamp="2026-07-07T18:04:33" hostname="MacBook-Pro-3.local" time="0.023">
  <properties/>
  <testcase name="mapsRectangleExactly" classname="com.burnin.scanner.analysis.HomographyTest" time="0.002"/>
  <testcase name="solvesLeastSquaresFromManyPointPairs" classname="com.burnin.scanner.analysis.HomographyTest" time="0.001"/>
  <testcase name="solvesPerspectiveTransform" classname="com.burnin.scanner.analysis.HomographyTest" time="0.002"/>
  <testcase name="markerDisambiguatesVerticalFlip" classname="com.burnin.scanner.analysis.HomographyTest" time="0.018"/>
  <system-out><![CDATA[]]></system-out>
  <system-err><![CDATA[]]></system-err>
</testsuite>
